<?xml version="1.0" encoding="UTF-8"?>
<!-- Generated by org.testng.reporters.JUnitReportReporter -->
<testsuite hostname="DESKTOP-30AVNGR" failures="0" tests="3" name="netflix.Tests.Submitorder" time="44.767" errors="0" timestamp="2024-08-20T16:59:23 IST" skipped="0">
  <testcase classname="netflix.Tests.Submitorder" name="OrderHistoryTest" time="6.267"/>
  <testcase classname="netflix.Tests.Submitorder" name="submitOrder" time="17.657"/>
  <testcase classname="netflix.Tests.Submitorder" name="submitOrder" time="20.843"/>
</testsuite> <!-- netflix.Tests.Submitorder -->
