<?xml version="1.0" encoding="UTF-8"?>
<!-- Generated by org.testng.reporters.JUnitReportReporter -->
<testsuite hostname="DESKTOP-30AVNGR" failures="0" tests="2" name="netflix.Tests.ErrorValidations" time="20.597" errors="0" timestamp="2024-08-20T16:59:23 IST" skipped="0">
  <testcase classname="netflix.Tests.ErrorValidations" name="ProductErrorValidation" time="16.459"/>
  <testcase classname="netflix.Tests.ErrorValidations" name="LoginErrorValidation" time="4.138"/>
</testsuite> <!-- netflix.Tests.ErrorValidations -->
