<?xml version="1.0" encoding="UTF-8"?>
<!-- Generated by org.testng.reporters.JUnitReportReporter -->
<testsuite hostname="DESKTOP-30AVNGR" failures="0" tests="3" name="netflix.Tests.Submitorder" time="224.035" errors="0" timestamp="2024-08-18T14:08:46 IST" skipped="0">
  <testcase classname="netflix.Tests.Submitorder" name="submitOrder" time="29.115"/>
  <testcase classname="netflix.Tests.Submitorder" name="submitOrder" time="187.694"/>
  <testcase classname="netflix.Tests.Submitorder" name="OrderHistoryTest" time="7.226"/>
</testsuite> <!-- netflix.Tests.Submitorder -->
