<?xml version="1.0" encoding="UTF-8"?>
<!-- Generated by org.testng.reporters.JUnitReportReporter -->
<testsuite hostname="DESKTOP-30AVNGR" failures="0" tests="2" name="netflix.Tests.ErrorValidations" time="37.509" errors="0" timestamp="2024-08-18T14:08:46 IST" skipped="0">
  <testcase classname="netflix.Tests.ErrorValidations" name="ProductErrorValidation" time="21.204"/>
  <testcase classname="netflix.Tests.ErrorValidations" name="LoginErrorValidation" time="16.305"/>
</testsuite> <!-- netflix.Tests.ErrorValidations -->
